2021-07-10 03:59:31,317 ERROR 3632 nodejs.ClusterClientNoResponseError: client no response in 9913981ms exceeding maxIdleTime 60000ms, maybe the connection is close on other side.
    at Timeout._onTimeout (E:\Users\七环\Desktop\mall\server\node_modules\_cluster-client@3.0.1@cluster-client\lib\leader.js:77:23)
    at listOnTimeout (internal/timers.js:555:17)
    at processTimers (internal/timers.js:498:7)
name: "ClusterClientNoResponseError"
pid: 3632
hostname: LAPTOP-F0FF6E0L

2021-07-10 07:18:44,427 ERROR 23480 [-/127.0.0.1/-/11ms POST /v1/order] nodejs.TypeError: Cannot read property 'present_price' of null
    at OperatingGoodsController.order (E:\Users\七环\Desktop\mall\server\app\controller\api\operatingGoods.js:184:40)
    at processTicksAndRejections (internal/process/task_queues.js:95:5)
    at async E:\Users\七环\Desktop\mall\server\app\middleware\isLogin.js:15:13
    at async E:\Users\七环\Desktop\mall\server\node_modules\_egg-development@2.7.0@egg-development\app\middleware\egg_loader_trace.js:9:50
    at async xframe (E:\Users\七环\Desktop\mall\server\node_modules\_egg-security@2.9.0@egg-security\lib\middlewares\xframe.js:7:5)
    at async xssProtection (E:\Users\七环\Desktop\mall\server\node_modules\_egg-security@2.9.0@egg-security\lib\middlewares\xssProtection.js:7:5)
    at async nosniff (E:\Users\七环\Desktop\mall\server\node_modules\_egg-security@2.9.0@egg-security\lib\middlewares\nosniff.js:8:5)
    at async noopen (E:\Users\七环\Desktop\mall\server\node_modules\_egg-security@2.9.0@egg-security\lib\middlewares\noopen.js:8:5)
    at async session (E:\Users\七环\Desktop\mall\server\node_modules\_koa-session@6.2.0@koa-session\index.js:41:7)
    at async bodyParser (E:\Users\七环\Desktop\mall\server\node_modules\_koa-bodyparser@4.3.0@koa-bodyparser\index.js:95:5)
    at async E:\Users\七环\Desktop\mall\server\node_modules\_koa-static-cache@5.1.4@koa-static-cache\index.js:39:63
    at async notfound (E:\Users\七环\Desktop\mall\server\node_modules\_egg@2.29.4@egg\app\middleware\notfound.js:5:5)
    at async meta (E:\Users\七环\Desktop\mall\server\node_modules\_egg@2.29.4@egg\app\middleware\meta.js:17:5)

pid: 23480
hostname: LAPTOP-F0FF6E0L

2021-07-10 07:18:50,690 ERROR 23480 [-/127.0.0.1/-/6ms POST /v1/order] nodejs.TypeError: Cannot read property 'present_price' of null
    at OperatingGoodsController.order (E:\Users\七环\Desktop\mall\server\app\controller\api\operatingGoods.js:184:40)
    at processTicksAndRejections (internal/process/task_queues.js:95:5)
    at async E:\Users\七环\Desktop\mall\server\app\middleware\isLogin.js:15:13
    at async E:\Users\七环\Desktop\mall\server\node_modules\_egg-development@2.7.0@egg-development\app\middleware\egg_loader_trace.js:9:50
    at async xframe (E:\Users\七环\Desktop\mall\server\node_modules\_egg-security@2.9.0@egg-security\lib\middlewares\xframe.js:7:5)
    at async xssProtection (E:\Users\七环\Desktop\mall\server\node_modules\_egg-security@2.9.0@egg-security\lib\middlewares\xssProtection.js:7:5)
    at async nosniff (E:\Users\七环\Desktop\mall\server\node_modules\_egg-security@2.9.0@egg-security\lib\middlewares\nosniff.js:8:5)
    at async noopen (E:\Users\七环\Desktop\mall\server\node_modules\_egg-security@2.9.0@egg-security\lib\middlewares\noopen.js:8:5)
    at async session (E:\Users\七环\Desktop\mall\server\node_modules\_koa-session@6.2.0@koa-session\index.js:41:7)
    at async bodyParser (E:\Users\七环\Desktop\mall\server\node_modules\_koa-bodyparser@4.3.0@koa-bodyparser\index.js:95:5)
    at async E:\Users\七环\Desktop\mall\server\node_modules\_koa-static-cache@5.1.4@koa-static-cache\index.js:39:63
    at async notfound (E:\Users\七环\Desktop\mall\server\node_modules\_egg@2.29.4@egg\app\middleware\notfound.js:5:5)
    at async meta (E:\Users\七环\Desktop\mall\server\node_modules\_egg@2.29.4@egg\app\middleware\meta.js:17:5)

pid: 23480
hostname: LAPTOP-F0FF6E0L

2021-07-10 07:19:13,453 ERROR 23480 [-/127.0.0.1/-/5ms POST /v1/order] nodejs.TypeError: Cannot read property 'present_price' of null
    at OperatingGoodsController.order (E:\Users\七环\Desktop\mall\server\app\controller\api\operatingGoods.js:184:40)
    at runMicrotasks (<anonymous>)
    at processTicksAndRejections (internal/process/task_queues.js:95:5)
    at async E:\Users\七环\Desktop\mall\server\app\middleware\isLogin.js:15:13
    at async E:\Users\七环\Desktop\mall\server\node_modules\_egg-development@2.7.0@egg-development\app\middleware\egg_loader_trace.js:9:50
    at async xframe (E:\Users\七环\Desktop\mall\server\node_modules\_egg-security@2.9.0@egg-security\lib\middlewares\xframe.js:7:5)
    at async xssProtection (E:\Users\七环\Desktop\mall\server\node_modules\_egg-security@2.9.0@egg-security\lib\middlewares\xssProtection.js:7:5)
    at async nosniff (E:\Users\七环\Desktop\mall\server\node_modules\_egg-security@2.9.0@egg-security\lib\middlewares\nosniff.js:8:5)
    at async noopen (E:\Users\七环\Desktop\mall\server\node_modules\_egg-security@2.9.0@egg-security\lib\middlewares\noopen.js:8:5)
    at async session (E:\Users\七环\Desktop\mall\server\node_modules\_koa-session@6.2.0@koa-session\index.js:41:7)
    at async bodyParser (E:\Users\七环\Desktop\mall\server\node_modules\_koa-bodyparser@4.3.0@koa-bodyparser\index.js:95:5)
    at async E:\Users\七环\Desktop\mall\server\node_modules\_koa-static-cache@5.1.4@koa-static-cache\index.js:39:63
    at async notfound (E:\Users\七环\Desktop\mall\server\node_modules\_egg@2.29.4@egg\app\middleware\notfound.js:5:5)
    at async meta (E:\Users\七环\Desktop\mall\server\node_modules\_egg@2.29.4@egg\app\middleware\meta.js:17:5)

pid: 23480
hostname: LAPTOP-F0FF6E0L

2021-07-10 07:19:39,966 ERROR 23480 [-/127.0.0.1/-/5ms POST /v1/order] nodejs.TypeError: Cannot read property 'present_price' of null
    at OperatingGoodsController.order (E:\Users\七环\Desktop\mall\server\app\controller\api\operatingGoods.js:184:40)
    at runMicrotasks (<anonymous>)
    at processTicksAndRejections (internal/process/task_queues.js:95:5)
    at async E:\Users\七环\Desktop\mall\server\app\middleware\isLogin.js:15:13
    at async E:\Users\七环\Desktop\mall\server\node_modules\_egg-development@2.7.0@egg-development\app\middleware\egg_loader_trace.js:9:50
    at async xframe (E:\Users\七环\Desktop\mall\server\node_modules\_egg-security@2.9.0@egg-security\lib\middlewares\xframe.js:7:5)
    at async xssProtection (E:\Users\七环\Desktop\mall\server\node_modules\_egg-security@2.9.0@egg-security\lib\middlewares\xssProtection.js:7:5)
    at async nosniff (E:\Users\七环\Desktop\mall\server\node_modules\_egg-security@2.9.0@egg-security\lib\middlewares\nosniff.js:8:5)
    at async noopen (E:\Users\七环\Desktop\mall\server\node_modules\_egg-security@2.9.0@egg-security\lib\middlewares\noopen.js:8:5)
    at async session (E:\Users\七环\Desktop\mall\server\node_modules\_koa-session@6.2.0@koa-session\index.js:41:7)
    at async bodyParser (E:\Users\七环\Desktop\mall\server\node_modules\_koa-bodyparser@4.3.0@koa-bodyparser\index.js:95:5)
    at async E:\Users\七环\Desktop\mall\server\node_modules\_koa-static-cache@5.1.4@koa-static-cache\index.js:39:63
    at async notfound (E:\Users\七环\Desktop\mall\server\node_modules\_egg@2.29.4@egg\app\middleware\notfound.js:5:5)
    at async meta (E:\Users\七环\Desktop\mall\server\node_modules\_egg@2.29.4@egg\app\middleware\meta.js:17:5)

pid: 23480
hostname: LAPTOP-F0FF6E0L

